<?xml version="1.0" encoding="UTF-8"?>
<!-- Generated by org.testng.reporters.JUnitXMLReporter -->
<testsuite ignored="0" hostname="IDEAPAD" failures="1" tests="3" name="Test" time="39.772" errors="0" timestamp="2023-02-21T00:46:56 IST">
  <testcase classname="com.TestProjectFramework.TestScript.loginScript" name="validateLogin" time="7.588">
    <skipped/>
  </testcase> <!-- validateLogin -->
  <testcase classname="com.TestProjectFramework.TestScript.loginScript" name="validateLogin" time="7.365">
    <failure type="java.lang.AssertionError" message="expected [true] but found [false]">
      <![CDATA[java.lang.AssertionError: expected [true] but found [false]
at com.TestProjectFramework.Util.UtilMethods.validateUrl(UtilMethods.java:11)
at com.TestProjectFramework.TestScript.loginScript.validateLogin(loginScript.java:23)
at java.base/java.util.ArrayList.forEach(ArrayList.java:1511)
... Removed 31 stack frames]]>
    </failure>
  </testcase> <!-- validateLogin -->
  <testcase classname="com.TestProjectFramework.TestScript.loginScript" name="validateLoginFunctionality" time="7.277"/>
</testsuite> <!-- Test -->
